<?xml version="1.0" encoding="UTF-8"?>
<testsuite name="com.fangzhou.manatee.service.UserServiceIntTest" tests="7" skipped="0" failures="0" errors="0" timestamp="2016-10-12T15:09:15" hostname="Fangzhous-MacBook-Pro.local" time="0.884">
  <properties/>
  <testcase name="assertThatOnlyActivatedUserCanRequestPasswordReset" classname="com.fangzhou.manatee.service.UserServiceIntTest" time="0.329"/>
  <testcase name="assertThatUserMustExistToResetPassword" classname="com.fangzhou.manatee.service.UserServiceIntTest" time="0.015"/>
  <testcase name="assertThatResetKeyMustBeValid" classname="com.fangzhou.manatee.service.UserServiceIntTest" time="0.147"/>
  <testcase name="assertThatUserCanResetPassword" classname="com.fangzhou.manatee.service.UserServiceIntTest" time="0.21"/>
  <testcase name="testFindNotActivatedUsersByCreationDateBefore" classname="com.fangzhou.manatee.service.UserServiceIntTest" time="0.017"/>
  <testcase name="testRemoveOldPersistentTokens" classname="com.fangzhou.manatee.service.UserServiceIntTest" time="0.048"/>
  <testcase name="assertThatResetKeyMustNotBeOlderThan24Hours" classname="com.fangzhou.manatee.service.UserServiceIntTest" time="0.111"/>
  <system-out><![CDATA[
        ██  ██    ██  ████████  ███████    ██████  ████████  ████████  ███████
        ██  ██    ██     ██     ██    ██  ██          ██     ██        ██    ██
        ██  ████████     ██     ███████    █████      ██     ██████    ███████
  ██    ██  ██    ██     ██     ██             ██     ██     ██        ██   ██
   ██████   ██    ██  ████████  ██        ██████      ██     ████████  ██    ██

:: JHipster ??  :: Running Spring Boot 1.3.3.RELEASE ::
:: http://jhipster.github.io ::

2016-10-12 10:09:03.485  INFO 1207 --- [    Test worker] c.f.manatee.service.UserServiceIntTest   : Starting UserServiceIntTest on Fangzhous-MacBook-Pro.local with PID 1207 (/Users/fangzhousun/Documents/Future/Manatee/Repositories/demo/manatee/target/test-classes started by fangzhousun in /Users/fangzhousun/Documents/Future/Manatee/Repositories/demo/manatee)
2016-10-12 10:09:03.489 DEBUG 1207 --- [    Test worker] c.f.manatee.service.UserServiceIntTest   : Running with Spring Boot v1.3.3.RELEASE, Spring v4.2.5.RELEASE
2016-10-12 10:09:03.489  INFO 1207 --- [    Test worker] c.f.manatee.service.UserServiceIntTest   : No active profile set, falling back to default profiles: default
2016-10-12 10:09:05.989 DEBUG 1207 --- [    Test worker] c.f.manatee.config.AsyncConfiguration    : Creating Async Task Executor
2016-10-12 10:09:06.265 DEBUG 1207 --- [    Test worker] c.f.manatee.config.MetricsConfiguration  : Registering JVM gauges
2016-10-12 10:09:06.281 DEBUG 1207 --- [    Test worker] c.f.manatee.config.MetricsConfiguration  : Initializing Metrics JMX reporting
2016-10-12 10:09:07.420  INFO 1207 --- [ost-startStop-1] c.fangzhou.manatee.config.WebConfigurer  : Web application configuration, using profiles: []
2016-10-12 10:09:07.422 DEBUG 1207 --- [ost-startStop-1] c.fangzhou.manatee.config.WebConfigurer  : Initializing Metrics registries
2016-10-12 10:09:07.425 DEBUG 1207 --- [ost-startStop-1] c.fangzhou.manatee.config.WebConfigurer  : Registering Metrics Filter
2016-10-12 10:09:07.426 DEBUG 1207 --- [ost-startStop-1] c.fangzhou.manatee.config.WebConfigurer  : Registering Metrics Servlet
2016-10-12 10:09:07.427  INFO 1207 --- [ost-startStop-1] c.fangzhou.manatee.config.WebConfigurer  : Web application fully configured
2016-10-12 10:09:07.752 DEBUG 1207 --- [ost-startStop-1] c.f.m.config.DatabaseConfiguration       : Configuring Datasource
2016-10-12 10:09:08.010 DEBUG 1207 --- [ost-startStop-1] c.f.m.config.DatabaseConfiguration       : Configuring Liquibase
2016-10-12 10:09:08.022 DEBUG 1207 --- [ost-startStop-1] c.f.m.c.liquibase.AsyncSpringLiquibase   : Starting Liquibase synchronously
2016-10-12 10:09:10.154 DEBUG 1207 --- [ost-startStop-1] c.f.m.c.liquibase.AsyncSpringLiquibase   : Started Liquibase in 2132 ms
2016-10-12 10:09:12.340  WARN 1207 --- [ost-startStop-1] com.fangzhou.manatee.ManateeApp          : No Spring profile configured, running with default configuration
2016-10-12 10:09:13.627 DEBUG 1207 --- [    Test worker] c.f.manatee.config.CacheConfiguration    : Starting Ehcache
2016-10-12 10:09:14.130 DEBUG 1207 --- [    Test worker] c.f.manatee.config.CacheConfiguration    : Registering Ehcache Metrics gauges
2016-10-12 10:09:15.648  INFO 1207 --- [    Test worker] c.f.manatee.service.UserServiceIntTest   : Started UserServiceIntTest in 13.743 seconds (JVM running for 15.254)
Hibernate: select authority0_.name as name1_0_0_ from jhi_authority authority0_ where authority0_.name=?
Hibernate: insert into jhi_user (id, created_by, created_date, last_modified_by, last_modified_date, activated, activation_key, email, first_name, lang_key, last_name, login, password_hash, reset_date, reset_key) values (null, ?, ?, ?, ?, ?, ?, ?, ?, ?, ?, ?, ?, ?, ?)
2016-10-12 10:09:15.927 DEBUG 1207 --- [    Test worker] c.fangzhou.manatee.service.UserService   : Created Information for User: User{login='johndoe', firstName='John', lastName='Doe', email='john.doe@localhost', activated='false', langKey='en-US', activationKey='90405346460136356438'}
2016-10-12 10:09:15.933 DEBUG 1207 --- [atee-Executor-1] c.f.m.c.a.AsyncEntityAuditEventWriter    : -------------- Post CREATE audit  --------------
Hibernate: select user0_.id as id1_5_, user0_.created_by as created_2_5_, user0_.created_date as created_3_5_, user0_.last_modified_by as last_mod4_5_, user0_.last_modified_date as last_mod5_5_, user0_.activated as activate6_5_, user0_.activation_key as activati7_5_, user0_.email as email8_5_, user0_.first_name as first_na9_5_, user0_.lang_key as lang_ke10_5_, user0_.last_name as last_na11_5_, user0_.login as login12_5_, user0_.password_hash as passwor13_5_, user0_.reset_date as reset_d14_5_, user0_.reset_key as reset_k15_5_ from jhi_user user0_ where user0_.email=?
Hibernate: select user0_.id as id1_5_, user0_.created_by as created_2_5_, user0_.created_date as created_3_5_, user0_.last_modified_by as last_mod4_5_, user0_.last_modified_date as last_mod5_5_, user0_.activated as activate6_5_, user0_.activation_key as activati7_5_, user0_.email as email8_5_, user0_.first_name as first_na9_5_, user0_.lang_key as lang_ke10_5_, user0_.last_name as last_na11_5_, user0_.login as login12_5_, user0_.password_hash as passwor13_5_, user0_.reset_date as reset_d14_5_, user0_.reset_key as reset_k15_5_ from jhi_user user0_ where user0_.email=?
Hibernate: select user0_.id as id1_5_, user0_.created_by as created_2_5_, user0_.created_date as created_3_5_, user0_.last_modified_by as last_mod4_5_, user0_.last_modified_date as last_mod5_5_, user0_.activated as activate6_5_, user0_.activation_key as activati7_5_, user0_.email as email8_5_, user0_.first_name as first_na9_5_, user0_.lang_key as lang_ke10_5_, user0_.last_name as last_na11_5_, user0_.login as login12_5_, user0_.password_hash as passwor13_5_, user0_.reset_date as reset_d14_5_, user0_.reset_key as reset_k15_5_ from jhi_user user0_ where user0_.email=?
Hibernate: select authority0_.name as name1_0_0_ from jhi_authority authority0_ where authority0_.name=?
Hibernate: insert into jhi_entity_audit_event (id, action, commit_version, entity_id, entity_type, entity_value, modified_by, modified_date) values (null, ?, ?, ?, ?, ?, ?, ?)
Hibernate: insert into jhi_user (id, created_by, created_date, last_modified_by, last_modified_date, activated, activation_key, email, first_name, lang_key, last_name, login, password_hash, reset_date, reset_key) values (null, ?, ?, ?, ?, ?, ?, ?, ?, ?, ?, ?, ?, ?, ?)
2016-10-12 10:09:16.122 DEBUG 1207 --- [atee-Executor-2] c.f.m.c.a.AsyncEntityAuditEventWriter    : -------------- Post CREATE audit  --------------
2016-10-12 10:09:16.122 DEBUG 1207 --- [    Test worker] c.fangzhou.manatee.service.UserService   : Created Information for User: User{login='johndoe', firstName='John', lastName='Doe', email='john.doe@localhost', activated='false', langKey='en-US', activationKey='05388324408558049032'}
2016-10-12 10:09:16.124 DEBUG 1207 --- [    Test worker] c.fangzhou.manatee.service.UserService   : Reset user password for reset key 1234
Hibernate: insert into jhi_entity_audit_event (id, action, commit_version, entity_id, entity_type, entity_value, modified_by, modified_date) values (null, ?, ?, ?, ?, ?, ?, ?)
Hibernate: update jhi_user set created_date=?, last_modified_by=?, last_modified_date=?, activated=?, activation_key=?, email=?, first_name=?, lang_key=?, last_name=?, login=?, password_hash=?, reset_date=?, reset_key=? where id=?
Hibernate: insert into jhi_user_authority (user_id, authority_name) values (?, ?)
2016-10-12 10:09:16.151 DEBUG 1207 --- [atee-Executor-1] c.f.m.c.a.AsyncEntityAuditEventWriter    : -------------- Post UPDATE audit  --------------
Hibernate: select user0_.id as id1_5_, user0_.created_by as created_2_5_, user0_.created_date as created_3_5_, user0_.last_modified_by as last_mod4_5_, user0_.last_modified_date as last_mod5_5_, user0_.activated as activate6_5_, user0_.activation_key as activati7_5_, user0_.email as email8_5_, user0_.first_name as first_na9_5_, user0_.lang_key as lang_ke10_5_, user0_.last_name as last_na11_5_, user0_.login as login12_5_, user0_.password_hash as passwor13_5_, user0_.reset_date as reset_d14_5_, user0_.reset_key as reset_k15_5_ from jhi_user user0_ where user0_.reset_key=?
Hibernate: select max(entityaudi0_.commit_version) as col_0_0_ from jhi_entity_audit_event entityaudi0_ where entityaudi0_.entity_type=? and entityaudi0_.entity_id=?
Hibernate: insert into jhi_entity_audit_event (id, action, commit_version, entity_id, entity_type, entity_value, modified_by, modified_date) values (null, ?, ?, ?, ?, ?, ?, ?)
Hibernate: select authority0_.name as name1_0_0_ from jhi_authority authority0_ where authority0_.name=?
Hibernate: insert into jhi_user (id, created_by, created_date, last_modified_by, last_modified_date, activated, activation_key, email, first_name, lang_key, last_name, login, password_hash, reset_date, reset_key) values (null, ?, ?, ?, ?, ?, ?, ?, ?, ?, ?, ?, ?, ?, ?)
2016-10-12 10:09:16.264 DEBUG 1207 --- [atee-Executor-2] c.f.m.c.a.AsyncEntityAuditEventWriter    : -------------- Post CREATE audit  --------------
2016-10-12 10:09:16.265 DEBUG 1207 --- [    Test worker] c.fangzhou.manatee.service.UserService   : Created Information for User: User{login='johndoe', firstName='John', lastName='Doe', email='john.doe@localhost', activated='false', langKey='en-US', activationKey='57063915389191335412'}
2016-10-12 10:09:16.266 DEBUG 1207 --- [    Test worker] c.fangzhou.manatee.service.UserService   : Reset user password for reset key 33630333574515838113
Hibernate: insert into jhi_entity_audit_event (id, action, commit_version, entity_id, entity_type, entity_value, modified_by, modified_date) values (null, ?, ?, ?, ?, ?, ?, ?)
Hibernate: update jhi_user set created_date=?, last_modified_by=?, last_modified_date=?, activated=?, activation_key=?, email=?, first_name=?, lang_key=?, last_name=?, login=?, password_hash=?, reset_date=?, reset_key=? where id=?
Hibernate: insert into jhi_user_authority (user_id, authority_name) values (?, ?)
2016-10-12 10:09:16.271 DEBUG 1207 --- [atee-Executor-1] c.f.m.c.a.AsyncEntityAuditEventWriter    : -------------- Post UPDATE audit  --------------
Hibernate: select user0_.id as id1_5_, user0_.created_by as created_2_5_, user0_.created_date as created_3_5_, user0_.last_modified_by as last_mod4_5_, user0_.last_modified_date as last_mod5_5_, user0_.activated as activate6_5_, user0_.activation_key as activati7_5_, user0_.email as email8_5_, user0_.first_name as first_na9_5_, user0_.lang_key as lang_ke10_5_, user0_.last_name as last_na11_5_, user0_.login as login12_5_, user0_.password_hash as passwor13_5_, user0_.reset_date as reset_d14_5_, user0_.reset_key as reset_k15_5_ from jhi_user user0_ where user0_.reset_key=?
Hibernate: select max(entityaudi0_.commit_version) as col_0_0_ from jhi_entity_audit_event entityaudi0_ where entityaudi0_.entity_type=? and entityaudi0_.entity_id=?
Hibernate: insert into jhi_entity_audit_event (id, action, commit_version, entity_id, entity_type, entity_value, modified_by, modified_date) values (null, ?, ?, ?, ?, ?, ?, ?)
Hibernate: select user0_.id as id1_5_, user0_.created_by as created_2_5_, user0_.created_date as created_3_5_, user0_.last_modified_by as last_mod4_5_, user0_.last_modified_date as last_mod5_5_, user0_.activated as activate6_5_, user0_.activation_key as activati7_5_, user0_.email as email8_5_, user0_.first_name as first_na9_5_, user0_.lang_key as lang_ke10_5_, user0_.last_name as last_na11_5_, user0_.login as login12_5_, user0_.password_hash as passwor13_5_, user0_.reset_date as reset_d14_5_, user0_.reset_key as reset_k15_5_ from jhi_user user0_ where user0_.activated=0 and user0_.created_date<?
Hibernate: select user0_.id as id1_5_, user0_.created_by as created_2_5_, user0_.created_date as created_3_5_, user0_.last_modified_by as last_mod4_5_, user0_.last_modified_date as last_mod5_5_, user0_.activated as activate6_5_, user0_.activation_key as activati7_5_, user0_.email as email8_5_, user0_.first_name as first_na9_5_, user0_.lang_key as lang_ke10_5_, user0_.last_name as last_na11_5_, user0_.login as login12_5_, user0_.password_hash as passwor13_5_, user0_.reset_date as reset_d14_5_, user0_.reset_key as reset_k15_5_ from jhi_user user0_ where user0_.activated=0 and user0_.created_date<?
Hibernate: select user0_.id as id1_5_, user0_.created_by as created_2_5_, user0_.created_date as created_3_5_, user0_.last_modified_by as last_mod4_5_, user0_.last_modified_date as last_mod5_5_, user0_.activated as activate6_5_, user0_.activation_key as activati7_5_, user0_.email as email8_5_, user0_.first_name as first_na9_5_, user0_.lang_key as lang_ke10_5_, user0_.last_name as last_na11_5_, user0_.login as login12_5_, user0_.password_hash as passwor13_5_, user0_.reset_date as reset_d14_5_, user0_.reset_key as reset_k15_5_ from jhi_user user0_ where user0_.login=?
Hibernate: select persistent0_.series as series1_4_, persistent0_.ip_address as ip_addre2_4_, persistent0_.token_date as token_da3_4_, persistent0_.token_value as token_va4_4_, persistent0_.user_id as user_id6_4_, persistent0_.user_agent as user_age5_4_ from jhi_persistent_token persistent0_ left outer join jhi_user user1_ on persistent0_.user_id=user1_.id where user1_.id=?
Hibernate: select persistent0_.series as series1_4_0_, persistent0_.ip_address as ip_addre2_4_0_, persistent0_.token_date as token_da3_4_0_, persistent0_.token_value as token_va4_4_0_, persistent0_.user_id as user_id6_4_0_, persistent0_.user_agent as user_age5_4_0_ from jhi_persistent_token persistent0_ where persistent0_.series=?
Hibernate: insert into jhi_persistent_token (ip_address, token_date, token_value, user_id, user_agent, series) values (?, ?, ?, ?, ?, ?)
Hibernate: select persistent0_.series as series1_4_0_, persistent0_.ip_address as ip_addre2_4_0_, persistent0_.token_date as token_da3_4_0_, persistent0_.token_value as token_va4_4_0_, persistent0_.user_id as user_id6_4_0_, persistent0_.user_agent as user_age5_4_0_ from jhi_persistent_token persistent0_ where persistent0_.series=?
Hibernate: insert into jhi_persistent_token (ip_address, token_date, token_value, user_id, user_agent, series) values (?, ?, ?, ?, ?, ?)
Hibernate: select persistent0_.series as series1_4_, persistent0_.ip_address as ip_addre2_4_, persistent0_.token_date as token_da3_4_, persistent0_.token_value as token_va4_4_, persistent0_.user_id as user_id6_4_, persistent0_.user_agent as user_age5_4_ from jhi_persistent_token persistent0_ left outer join jhi_user user1_ on persistent0_.user_id=user1_.id where user1_.id=?
Hibernate: select persistent0_.series as series1_4_, persistent0_.ip_address as ip_addre2_4_, persistent0_.token_date as token_da3_4_, persistent0_.token_value as token_va4_4_, persistent0_.user_id as user_id6_4_, persistent0_.user_agent as user_age5_4_ from jhi_persistent_token persistent0_ where persistent0_.token_date<?
2016-10-12 10:09:16.426 DEBUG 1207 --- [    Test worker] c.fangzhou.manatee.service.UserService   : Deleting token 2222-2222
Hibernate: select persistent0_.user_id as user_id6_5_0_, persistent0_.series as series1_4_0_, persistent0_.series as series1_4_1_, persistent0_.ip_address as ip_addre2_4_1_, persistent0_.token_date as token_da3_4_1_, persistent0_.token_value as token_va4_4_1_, persistent0_.user_id as user_id6_4_1_, persistent0_.user_agent as user_age5_4_1_ from jhi_persistent_token persistent0_ where persistent0_.user_id=?
Hibernate: delete from jhi_persistent_token where series=?
Hibernate: select persistent0_.series as series1_4_, persistent0_.ip_address as ip_addre2_4_, persistent0_.token_date as token_da3_4_, persistent0_.token_value as token_va4_4_, persistent0_.user_id as user_id6_4_, persistent0_.user_agent as user_age5_4_ from jhi_persistent_token persistent0_ left outer join jhi_user user1_ on persistent0_.user_id=user1_.id where user1_.id=?
Hibernate: select authority0_.name as name1_0_0_ from jhi_authority authority0_ where authority0_.name=?
Hibernate: insert into jhi_user (id, created_by, created_date, last_modified_by, last_modified_date, activated, activation_key, email, first_name, lang_key, last_name, login, password_hash, reset_date, reset_key) values (null, ?, ?, ?, ?, ?, ?, ?, ?, ?, ?, ?, ?, ?, ?)
2016-10-12 10:09:16.539 DEBUG 1207 --- [atee-Executor-2] c.f.m.c.a.AsyncEntityAuditEventWriter    : -------------- Post CREATE audit  --------------
2016-10-12 10:09:16.539 DEBUG 1207 --- [    Test worker] c.fangzhou.manatee.service.UserService   : Created Information for User: User{login='johndoe', firstName='John', lastName='Doe', email='john.doe@localhost', activated='false', langKey='en-US', activationKey='39194577714331487555'}
2016-10-12 10:09:16.540 DEBUG 1207 --- [    Test worker] c.fangzhou.manatee.service.UserService   : Reset user password for reset key 82448280263730268640
Hibernate: insert into jhi_entity_audit_event (id, action, commit_version, entity_id, entity_type, entity_value, modified_by, modified_date) values (null, ?, ?, ?, ?, ?, ?, ?)
Hibernate: update jhi_user set created_date=?, last_modified_by=?, last_modified_date=?, activated=?, activation_key=?, email=?, first_name=?, lang_key=?, last_name=?, login=?, password_hash=?, reset_date=?, reset_key=? where id=?
Hibernate: insert into jhi_user_authority (user_id, authority_name) values (?, ?)
2016-10-12 10:09:16.546 DEBUG 1207 --- [atee-Executor-1] c.f.m.c.a.AsyncEntityAuditEventWriter    : -------------- Post UPDATE audit  --------------
Hibernate: select user0_.id as id1_5_, user0_.created_by as created_2_5_, user0_.created_date as created_3_5_, user0_.last_modified_by as last_mod4_5_, user0_.last_modified_date as last_mod5_5_, user0_.activated as activate6_5_, user0_.activation_key as activati7_5_, user0_.email as email8_5_, user0_.first_name as first_na9_5_, user0_.lang_key as lang_ke10_5_, user0_.last_name as last_na11_5_, user0_.login as login12_5_, user0_.password_hash as passwor13_5_, user0_.reset_date as reset_d14_5_, user0_.reset_key as reset_k15_5_ from jhi_user user0_ where user0_.reset_key=?
Hibernate: select max(entityaudi0_.commit_version) as col_0_0_ from jhi_entity_audit_event entityaudi0_ where entityaudi0_.entity_type=? and entityaudi0_.entity_id=?
Hibernate: insert into jhi_entity_audit_event (id, action, commit_version, entity_id, entity_type, entity_value, modified_by, modified_date) values (null, ?, ?, ?, ?, ?, ?, ?)
]]></system-out>
  <system-err><![CDATA[]]></system-err>
</testsuite>
