<?xml version="1.0" encoding="UTF-8"?>
<testsuite name="com.fangzhou.manatee.web.rest.ReferralSourceResourceIntTest" tests="6" skipped="0" failures="0" errors="0" timestamp="2016-10-12T15:09:18" hostname="Fangzhous-MacBook-Pro.local" time="0.088">
  <properties/>
  <testcase name="getAllReferralSources" classname="com.fangzhou.manatee.web.rest.ReferralSourceResourceIntTest" time="0.009"/>
  <testcase name="getNonExistingReferralSource" classname="com.fangzhou.manatee.web.rest.ReferralSourceResourceIntTest" time="0.006"/>
  <testcase name="updateReferralSource" classname="com.fangzhou.manatee.web.rest.ReferralSourceResourceIntTest" time="0.013"/>
  <testcase name="createReferralSource" classname="com.fangzhou.manatee.web.rest.ReferralSourceResourceIntTest" time="0.007"/>
  <testcase name="deleteReferralSource" classname="com.fangzhou.manatee.web.rest.ReferralSourceResourceIntTest" time="0.007"/>
  <testcase name="getReferralSource" classname="com.fangzhou.manatee.web.rest.ReferralSourceResourceIntTest" time="0.005"/>
  <system-out><![CDATA[Hibernate: insert into referral_source (id, created_by, created_date, last_modified_by, last_modified_date, contact, name) values (null, ?, ?, ?, ?, ?, ?)
2016-10-12 10:09:18.590 DEBUG 1207 --- [atee-Executor-2] c.f.m.c.a.AsyncEntityAuditEventWriter    : -------------- Post CREATE audit  --------------
2016-10-12 10:09:18.591 DEBUG 1207 --- [    Test worker] c.f.m.web.rest.ReferralSourceResource    : REST request to get all ReferralSources
Hibernate: insert into jhi_entity_audit_event (id, action, commit_version, entity_id, entity_type, entity_value, modified_by, modified_date) values (null, ?, ?, ?, ?, ?, ?, ?)
Hibernate: select referralso0_.id as id1_9_, referralso0_.created_by as created_2_9_, referralso0_.created_date as created_3_9_, referralso0_.last_modified_by as last_mod4_9_, referralso0_.last_modified_date as last_mod5_9_, referralso0_.contact as contact6_9_, referralso0_.name as name7_9_ from referral_source referralso0_
2016-10-12 10:09:18.604 DEBUG 1207 --- [    Test worker] c.f.m.web.rest.ReferralSourceResource    : REST request to get ReferralSource : 9223372036854775807
Hibernate: select referralso0_.id as id1_9_0_, referralso0_.created_by as created_2_9_0_, referralso0_.created_date as created_3_9_0_, referralso0_.last_modified_by as last_mod4_9_0_, referralso0_.last_modified_date as last_mod5_9_0_, referralso0_.contact as contact6_9_0_, referralso0_.name as name7_9_0_ from referral_source referralso0_ where referralso0_.id=?
Hibernate: insert into referral_source (id, created_by, created_date, last_modified_by, last_modified_date, contact, name) values (null, ?, ?, ?, ?, ?, ?)
2016-10-12 10:09:18.620 DEBUG 1207 --- [atee-Executor-1] c.f.m.c.a.AsyncEntityAuditEventWriter    : -------------- Post CREATE audit  --------------
Hibernate: select referralso0_.id as id1_9_, referralso0_.created_by as created_2_9_, referralso0_.created_date as created_3_9_, referralso0_.last_modified_by as last_mod4_9_, referralso0_.last_modified_date as last_mod5_9_, referralso0_.contact as contact6_9_, referralso0_.name as name7_9_ from referral_source referralso0_
Hibernate: insert into jhi_entity_audit_event (id, action, commit_version, entity_id, entity_type, entity_value, modified_by, modified_date) values (null, ?, ?, ?, ?, ?, ?, ?)
2016-10-12 10:09:18.625 DEBUG 1207 --- [    Test worker] c.f.m.web.rest.ReferralSourceResource    : REST request to update ReferralSource : ReferralSource{id=2, name='BBBBB', contact='BBBBB'}
Hibernate: update referral_source set created_date=?, last_modified_by=?, last_modified_date=?, contact=?, name=? where id=?
Hibernate: select referralso0_.id as id1_9_, referralso0_.created_by as created_2_9_, referralso0_.created_date as created_3_9_, referralso0_.last_modified_by as last_mod4_9_, referralso0_.last_modified_date as last_mod5_9_, referralso0_.contact as contact6_9_, referralso0_.name as name7_9_ from referral_source referralso0_
2016-10-12 10:09:18.629 DEBUG 1207 --- [atee-Executor-2] c.f.m.c.a.AsyncEntityAuditEventWriter    : -------------- Post UPDATE audit  --------------
Hibernate: select max(entityaudi0_.commit_version) as col_0_0_ from jhi_entity_audit_event entityaudi0_ where entityaudi0_.entity_type=? and entityaudi0_.entity_id=?
Hibernate: insert into jhi_entity_audit_event (id, action, commit_version, entity_id, entity_type, entity_value, modified_by, modified_date) values (null, ?, ?, ?, ?, ?, ?, ?)
Hibernate: select referralso0_.id as id1_9_, referralso0_.created_by as created_2_9_, referralso0_.created_date as created_3_9_, referralso0_.last_modified_by as last_mod4_9_, referralso0_.last_modified_date as last_mod5_9_, referralso0_.contact as contact6_9_, referralso0_.name as name7_9_ from referral_source referralso0_
2016-10-12 10:09:18.642 DEBUG 1207 --- [    Test worker] c.f.m.web.rest.ReferralSourceResource    : REST request to save ReferralSource : ReferralSource{id=null, name='AAAAA', contact='AAAAA'}
Hibernate: insert into referral_source (id, created_by, created_date, last_modified_by, last_modified_date, contact, name) values (null, ?, ?, ?, ?, ?, ?)
2016-10-12 10:09:18.644 DEBUG 1207 --- [atee-Executor-1] c.f.m.c.a.AsyncEntityAuditEventWriter    : -------------- Post CREATE audit  --------------
Hibernate: select referralso0_.id as id1_9_, referralso0_.created_by as created_2_9_, referralso0_.created_date as created_3_9_, referralso0_.last_modified_by as last_mod4_9_, referralso0_.last_modified_date as last_mod5_9_, referralso0_.contact as contact6_9_, referralso0_.name as name7_9_ from referral_source referralso0_
Hibernate: insert into jhi_entity_audit_event (id, action, commit_version, entity_id, entity_type, entity_value, modified_by, modified_date) values (null, ?, ?, ?, ?, ?, ?, ?)
Hibernate: insert into referral_source (id, created_by, created_date, last_modified_by, last_modified_date, contact, name) values (null, ?, ?, ?, ?, ?, ?)
2016-10-12 10:09:18.655 DEBUG 1207 --- [atee-Executor-2] c.f.m.c.a.AsyncEntityAuditEventWriter    : -------------- Post CREATE audit  --------------
Hibernate: select referralso0_.id as id1_9_, referralso0_.created_by as created_2_9_, referralso0_.created_date as created_3_9_, referralso0_.last_modified_by as last_mod4_9_, referralso0_.last_modified_date as last_mod5_9_, referralso0_.contact as contact6_9_, referralso0_.name as name7_9_ from referral_source referralso0_
Hibernate: insert into jhi_entity_audit_event (id, action, commit_version, entity_id, entity_type, entity_value, modified_by, modified_date) values (null, ?, ?, ?, ?, ?, ?, ?)
2016-10-12 10:09:18.657 DEBUG 1207 --- [    Test worker] c.f.m.web.rest.ReferralSourceResource    : REST request to delete ReferralSource : 4
Hibernate: delete from referral_source where id=?
2016-10-12 10:09:18.659 DEBUG 1207 --- [atee-Executor-1] c.f.m.c.a.AsyncEntityAuditEventWriter    : -------------- Post DELETE audit  --------------
Hibernate: select referralso0_.id as id1_9_, referralso0_.created_by as created_2_9_, referralso0_.created_date as created_3_9_, referralso0_.last_modified_by as last_mod4_9_, referralso0_.last_modified_date as last_mod5_9_, referralso0_.contact as contact6_9_, referralso0_.name as name7_9_ from referral_source referralso0_
Hibernate: select max(entityaudi0_.commit_version) as col_0_0_ from jhi_entity_audit_event entityaudi0_ where entityaudi0_.entity_type=? and entityaudi0_.entity_id=?
Hibernate: insert into jhi_entity_audit_event (id, action, commit_version, entity_id, entity_type, entity_value, modified_by, modified_date) values (null, ?, ?, ?, ?, ?, ?, ?)
Hibernate: insert into referral_source (id, created_by, created_date, last_modified_by, last_modified_date, contact, name) values (null, ?, ?, ?, ?, ?, ?)
2016-10-12 10:09:18.671 DEBUG 1207 --- [atee-Executor-2] c.f.m.c.a.AsyncEntityAuditEventWriter    : -------------- Post CREATE audit  --------------
2016-10-12 10:09:18.672 DEBUG 1207 --- [    Test worker] c.f.m.web.rest.ReferralSourceResource    : REST request to get ReferralSource : 5
Hibernate: insert into jhi_entity_audit_event (id, action, commit_version, entity_id, entity_type, entity_value, modified_by, modified_date) values (null, ?, ?, ?, ?, ?, ?, ?)
]]></system-out>
  <system-err><![CDATA[]]></system-err>
</testsuite>
