<?xml version="1.0" encoding="UTF-8"?>
<testsuite name="com.fangzhou.manatee.security.SecurityUtilsUnitTest" tests="3" skipped="0" failures="0" errors="0" timestamp="2016-10-12T15:09:01" hostname="Fangzhous-MacBook-Pro.local" time="0.089">
  <properties/>
  <testcase name="testIsAuthenticated" classname="com.fangzhou.manatee.security.SecurityUtilsUnitTest" time="0.08"/>
  <testcase name="testgetCurrentUserLogin" classname="com.fangzhou.manatee.security.SecurityUtilsUnitTest" time="0.005"/>
  <testcase name="testAnonymousIsNotAuthenticated" classname="com.fangzhou.manatee.security.SecurityUtilsUnitTest" time="0.003"/>
  <system-out><![CDATA[]]></system-out>
  <system-err><![CDATA[]]></system-err>
</testsuite>
