<?xml version="1.0" encoding="UTF-8"?>
<testsuite name="com.fangzhou.manatee.web.rest.UserResourceIntTest" tests="2" skipped="0" failures="0" errors="0" timestamp="2016-10-12T15:09:18" hostname="Fangzhous-MacBook-Pro.local" time="0.042">
  <properties/>
  <testcase name="testGetUnknownUser" classname="com.fangzhou.manatee.web.rest.UserResourceIntTest" time="0.02"/>
  <testcase name="testGetExistingUser" classname="com.fangzhou.manatee.web.rest.UserResourceIntTest" time="0.022"/>
  <system-out><![CDATA[2016-10-12 10:09:18.909 DEBUG 1207 --- [    Test worker] c.f.manatee.web.rest.UserResource        : REST request to get User : unknown
Hibernate: select user0_.id as id1_5_, user0_.created_by as created_2_5_, user0_.created_date as created_3_5_, user0_.last_modified_by as last_mod4_5_, user0_.last_modified_date as last_mod5_5_, user0_.activated as activate6_5_, user0_.activation_key as activati7_5_, user0_.email as email8_5_, user0_.first_name as first_na9_5_, user0_.lang_key as lang_ke10_5_, user0_.last_name as last_na11_5_, user0_.login as login12_5_, user0_.password_hash as passwor13_5_, user0_.reset_date as reset_d14_5_, user0_.reset_key as reset_k15_5_ from jhi_user user0_ where user0_.login=?
2016-10-12 10:09:18.929 DEBUG 1207 --- [    Test worker] c.f.manatee.web.rest.UserResource        : REST request to get User : admin
Hibernate: select user0_.id as id1_5_, user0_.created_by as created_2_5_, user0_.created_date as created_3_5_, user0_.last_modified_by as last_mod4_5_, user0_.last_modified_date as last_mod5_5_, user0_.activated as activate6_5_, user0_.activation_key as activati7_5_, user0_.email as email8_5_, user0_.first_name as first_na9_5_, user0_.lang_key as lang_ke10_5_, user0_.last_name as last_na11_5_, user0_.login as login12_5_, user0_.password_hash as passwor13_5_, user0_.reset_date as reset_d14_5_, user0_.reset_key as reset_k15_5_ from jhi_user user0_ where user0_.login=?
Hibernate: select authoritie0_.user_id as user_id1_5_0_, authoritie0_.authority_name as authorit2_6_0_, authority1_.name as name1_0_1_ from jhi_user_authority authoritie0_ inner join jhi_authority authority1_ on authoritie0_.authority_name=authority1_.name where authoritie0_.user_id=?
]]></system-out>
  <system-err><![CDATA[]]></system-err>
</testsuite>
