<?xml version="1.0" encoding="UTF-8"?>
<testsuite name="com.fangzhou.manatee.security.SecurityUtilsUnitTest" tests="3" skipped="0" failures="0" errors="0" timestamp="2016-11-03T19:20:21" hostname="John-PC" time="0.174">
  <properties/>
  <testcase name="testIsAuthenticated" classname="com.fangzhou.manatee.security.SecurityUtilsUnitTest" time="0.151"/>
  <testcase name="testgetCurrentUserLogin" classname="com.fangzhou.manatee.security.SecurityUtilsUnitTest" time="0.014"/>
  <testcase name="testAnonymousIsNotAuthenticated" classname="com.fangzhou.manatee.security.SecurityUtilsUnitTest" time="0.008"/>
  <system-out><![CDATA[]]></system-out>
  <system-err><![CDATA[]]></system-err>
</testsuite>
