<?xml version="1.0" encoding="UTF-8"?>
<testsuite name="com.fangzhou.manatee.web.rest.PatientResourceIntTest" tests="6" skipped="0" failures="0" errors="0" timestamp="2016-11-03T19:20:48" hostname="John-PC" time="0.277">
  <properties/>
  <testcase name="deletePatient" classname="com.fangzhou.manatee.web.rest.PatientResourceIntTest" time="0.035"/>
  <testcase name="getPatient" classname="com.fangzhou.manatee.web.rest.PatientResourceIntTest" time="0.016"/>
  <testcase name="getAllPatients" classname="com.fangzhou.manatee.web.rest.PatientResourceIntTest" time="0.023"/>
  <testcase name="getNonExistingPatient" classname="com.fangzhou.manatee.web.rest.PatientResourceIntTest" time="0.006"/>
  <testcase name="createPatient" classname="com.fangzhou.manatee.web.rest.PatientResourceIntTest" time="0.052"/>
  <testcase name="updatePatient" classname="com.fangzhou.manatee.web.rest.PatientResourceIntTest" time="0.053"/>
  <system-out><![CDATA[Hibernate: insert into patient (id, created_by, created_date, last_modified_by, last_modified_date, age, condition_desciption, deadline, medical_referral_id, name, priority, referral_source_id) values (null, ?, ?, ?, ?, ?, ?, ?, ?, ?, ?, ?)
2016-11-03 14:20:48.179 DEBUG 14104 --- [atee-Executor-2] c.f.m.c.a.AsyncEntityAuditEventWriter    : -------------- Post CREATE audit  --------------
Hibernate: insert into jhi_entity_audit_event (id, action, commit_version, entity_id, entity_type, entity_value, modified_by, modified_date) values (null, ?, ?, ?, ?, ?, ?, ?)
Hibernate: select patient0_.id as id1_7_, patient0_.created_by as created_2_7_, patient0_.created_date as created_3_7_, patient0_.last_modified_by as last_mod4_7_, patient0_.last_modified_date as last_mod5_7_, patient0_.age as age6_7_, patient0_.condition_desciption as conditio7_7_, patient0_.deadline as deadline8_7_, patient0_.medical_referral_id as medical_9_7_, patient0_.name as name10_7_, patient0_.priority as priorit11_7_, patient0_.referral_source_id as referra12_7_ from patient patient0_
2016-11-03 14:20:48.193 DEBUG 14104 --- [    Test worker] c.f.manatee.web.rest.PatientResource     : REST request to delete Patient : 1
Hibernate: delete from patient where id=?
Hibernate: select patient0_.id as id1_7_, patient0_.created_by as created_2_7_, patient0_.created_date as created_3_7_, patient0_.last_modified_by as last_mod4_7_, patient0_.last_modified_date as last_mod5_7_, patient0_.age as age6_7_, patient0_.condition_desciption as conditio7_7_, patient0_.deadline as deadline8_7_, patient0_.medical_referral_id as medical_9_7_, patient0_.name as name10_7_, patient0_.priority as priorit11_7_, patient0_.referral_source_id as referra12_7_ from patient patient0_
2016-11-03 14:20:48.200 DEBUG 14104 --- [atee-Executor-1] c.f.m.c.a.AsyncEntityAuditEventWriter    : -------------- Post DELETE audit  --------------
Hibernate: select max(entityaudi0_.commit_version) as col_0_0_ from jhi_entity_audit_event entityaudi0_ where entityaudi0_.entity_type=? and entityaudi0_.entity_id=?
Hibernate: insert into jhi_entity_audit_event (id, action, commit_version, entity_id, entity_type, entity_value, modified_by, modified_date) values (null, ?, ?, ?, ?, ?, ?, ?)
Hibernate: insert into patient (id, created_by, created_date, last_modified_by, last_modified_date, age, condition_desciption, deadline, medical_referral_id, name, priority, referral_source_id) values (null, ?, ?, ?, ?, ?, ?, ?, ?, ?, ?, ?)
2016-11-03 14:20:48.233 DEBUG 14104 --- [atee-Executor-2] c.f.m.c.a.AsyncEntityAuditEventWriter    : -------------- Post CREATE audit  --------------
Hibernate: insert into jhi_entity_audit_event (id, action, commit_version, entity_id, entity_type, entity_value, modified_by, modified_date) values (null, ?, ?, ?, ?, ?, ?, ?)
2016-11-03 14:20:48.240 DEBUG 14104 --- [    Test worker] c.f.manatee.web.rest.PatientResource     : REST request to get Patient : 2
Hibernate: insert into patient (id, created_by, created_date, last_modified_by, last_modified_date, age, condition_desciption, deadline, medical_referral_id, name, priority, referral_source_id) values (null, ?, ?, ?, ?, ?, ?, ?, ?, ?, ?, ?)
2016-11-03 14:20:48.271 DEBUG 14104 --- [    Test worker] c.f.manatee.web.rest.PatientResource     : REST request to get all Patients
Hibernate: select patient0_.id as id1_7_, patient0_.created_by as created_2_7_, patient0_.created_date as created_3_7_, patient0_.last_modified_by as last_mod4_7_, patient0_.last_modified_date as last_mod5_7_, patient0_.age as age6_7_, patient0_.condition_desciption as conditio7_7_, patient0_.deadline as deadline8_7_, patient0_.medical_referral_id as medical_9_7_, patient0_.name as name10_7_, patient0_.priority as priorit11_7_, patient0_.referral_source_id as referra12_7_ from patient patient0_
2016-11-03 14:20:48.275 DEBUG 14104 --- [atee-Executor-1] c.f.m.c.a.AsyncEntityAuditEventWriter    : -------------- Post CREATE audit  --------------
Hibernate: insert into jhi_entity_audit_event (id, action, commit_version, entity_id, entity_type, entity_value, modified_by, modified_date) values (null, ?, ?, ?, ?, ?, ?, ?)
2016-11-03 14:20:48.304 DEBUG 14104 --- [    Test worker] c.f.manatee.web.rest.PatientResource     : REST request to get Patient : 9223372036854775807
Hibernate: select patient0_.id as id1_7_0_, patient0_.created_by as created_2_7_0_, patient0_.created_date as created_3_7_0_, patient0_.last_modified_by as last_mod4_7_0_, patient0_.last_modified_date as last_mod5_7_0_, patient0_.age as age6_7_0_, patient0_.condition_desciption as conditio7_7_0_, patient0_.deadline as deadline8_7_0_, patient0_.medical_referral_id as medical_9_7_0_, patient0_.name as name10_7_0_, patient0_.priority as priorit11_7_0_, patient0_.referral_source_id as referra12_7_0_, referralso1_.id as id1_9_1_, referralso1_.created_by as created_2_9_1_, referralso1_.created_date as created_3_9_1_, referralso1_.last_modified_by as last_mod4_9_1_, referralso1_.last_modified_date as last_mod5_9_1_, referralso1_.contact as contact6_9_1_, referralso1_.name as name7_9_1_ from patient patient0_ left outer join referral_source referralso1_ on patient0_.referral_source_id=referralso1_.id where patient0_.id=?
Hibernate: select patient0_.id as id1_7_, patient0_.created_by as created_2_7_, patient0_.created_date as created_3_7_, patient0_.last_modified_by as last_mod4_7_, patient0_.last_modified_date as last_mod5_7_, patient0_.age as age6_7_, patient0_.condition_desciption as conditio7_7_, patient0_.deadline as deadline8_7_, patient0_.medical_referral_id as medical_9_7_, patient0_.name as name10_7_, patient0_.priority as priorit11_7_, patient0_.referral_source_id as referra12_7_ from patient patient0_
2016-11-03 14:20:48.361 DEBUG 14104 --- [    Test worker] c.f.manatee.web.rest.PatientResource     : REST request to save Patient : Patient{id=null, name='AAAAA', medicalReferralId='AAAAA', age='1', conditionDesciption='AAAAA', priority='AAAAA', deadline='1970-01-01T00:00Z[UTC]'}
Hibernate: insert into patient (id, created_by, created_date, last_modified_by, last_modified_date, age, condition_desciption, deadline, medical_referral_id, name, priority, referral_source_id) values (null, ?, ?, ?, ?, ?, ?, ?, ?, ?, ?, ?)
Hibernate: select patient0_.id as id1_7_, patient0_.created_by as created_2_7_, patient0_.created_date as created_3_7_, patient0_.last_modified_by as last_mod4_7_, patient0_.last_modified_date as last_mod5_7_, patient0_.age as age6_7_, patient0_.condition_desciption as conditio7_7_, patient0_.deadline as deadline8_7_, patient0_.medical_referral_id as medical_9_7_, patient0_.name as name10_7_, patient0_.priority as priorit11_7_, patient0_.referral_source_id as referra12_7_ from patient patient0_
2016-11-03 14:20:48.367 DEBUG 14104 --- [atee-Executor-2] c.f.m.c.a.AsyncEntityAuditEventWriter    : -------------- Post CREATE audit  --------------
Hibernate: insert into jhi_entity_audit_event (id, action, commit_version, entity_id, entity_type, entity_value, modified_by, modified_date) values (null, ?, ?, ?, ?, ?, ?, ?)
Hibernate: insert into patient (id, created_by, created_date, last_modified_by, last_modified_date, age, condition_desciption, deadline, medical_referral_id, name, priority, referral_source_id) values (null, ?, ?, ?, ?, ?, ?, ?, ?, ?, ?, ?)
2016-11-03 14:20:48.409 DEBUG 14104 --- [atee-Executor-1] c.f.m.c.a.AsyncEntityAuditEventWriter    : -------------- Post CREATE audit  --------------
Hibernate: insert into jhi_entity_audit_event (id, action, commit_version, entity_id, entity_type, entity_value, modified_by, modified_date) values (null, ?, ?, ?, ?, ?, ?, ?)
Hibernate: select patient0_.id as id1_7_, patient0_.created_by as created_2_7_, patient0_.created_date as created_3_7_, patient0_.last_modified_by as last_mod4_7_, patient0_.last_modified_date as last_mod5_7_, patient0_.age as age6_7_, patient0_.condition_desciption as conditio7_7_, patient0_.deadline as deadline8_7_, patient0_.medical_referral_id as medical_9_7_, patient0_.name as name10_7_, patient0_.priority as priorit11_7_, patient0_.referral_source_id as referra12_7_ from patient patient0_
2016-11-03 14:20:48.424 DEBUG 14104 --- [    Test worker] c.f.manatee.web.rest.PatientResource     : REST request to update Patient : Patient{id=5, name='BBBBB', medicalReferralId='BBBBB', age='2', conditionDesciption='BBBBB', priority='BBBBB', deadline='2016-11-03T19:20:48Z[UTC]'}
Hibernate: update patient set created_date=?, last_modified_by=?, last_modified_date=?, age=?, condition_desciption=?, deadline=?, medical_referral_id=?, name=?, priority=?, referral_source_id=? where id=?
2016-11-03 14:20:48.433 DEBUG 14104 --- [atee-Executor-2] c.f.m.c.a.AsyncEntityAuditEventWriter    : -------------- Post UPDATE audit  --------------
Hibernate: select max(entityaudi0_.commit_version) as col_0_0_ from jhi_entity_audit_event entityaudi0_ where entityaudi0_.entity_type=? and entityaudi0_.entity_id=?
Hibernate: insert into jhi_entity_audit_event (id, action, commit_version, entity_id, entity_type, entity_value, modified_by, modified_date) values (null, ?, ?, ?, ?, ?, ?, ?)
Hibernate: select patient0_.id as id1_7_, patient0_.created_by as created_2_7_, patient0_.created_date as created_3_7_, patient0_.last_modified_by as last_mod4_7_, patient0_.last_modified_date as last_mod5_7_, patient0_.age as age6_7_, patient0_.condition_desciption as conditio7_7_, patient0_.deadline as deadline8_7_, patient0_.medical_referral_id as medical_9_7_, patient0_.name as name10_7_, patient0_.priority as priorit11_7_, patient0_.referral_source_id as referra12_7_ from patient patient0_
]]></system-out>
  <system-err><![CDATA[]]></system-err>
</testsuite>
